<?xml version="1.0" encoding="UTF-8"?>
<testsuite xmlns:xsi="http://www.w3.org/2001/XMLSchema-instance" xsi:noNamespaceSchemaLocation="https://maven.apache.org/surefire/maven-surefire-plugin/xsd/surefire-test-report-3.0.xsd" version="3.0" name="TestSuite" time="0.73" tests="14" errors="0" skipped="8" failures="6">
  <properties>
[...]
</properties>
  <testcase name="intializeBrowser" classname="testscript.AdminTest" time="0.54">
    <failure message="&#10;Parameter &apos;browser&apos; is required by BeforeMethod on method intializeBrowser but has not been marked @Optional or defined&#10;in C:\Users\Sablals\eclipse-workspace\7rMart_Project\testNG.xml" type="org.testng.TestNGException"><![CDATA[org.testng.TestNGException: 

Parameter 'browser' is required by BeforeMethod on method intializeBrowser but has not been marked @Optional or defined
in C:\Users\Sablals\eclipse-workspace\7rMart_Project\testNG.xml
]]></failure>
    <system-err><![CDATA[log4j:WARN No appenders could be found for logger (org.testng.TestNG).
log4j:WARN Please initialize the log4j system properly.
log4j:WARN See http://logging.apache.org/log4j/1.2/faq.html#noconfig for more info.
]]></system-err>
  </testcase>
  <testcase name="adminPage" classname="testscript.AdminTest" time="0">
    <skipped message="&#10;Parameter &apos;browser&apos; is required by BeforeMethod on method intializeBrowser but has not been marked @Optional or defined&#10;in C:\Users\Sablals\eclipse-workspace\7rMart_Project\testNG.xml"/>
  </testcase>
  <testcase name="browserQuit" classname="testscript.AdminTest" time="0">
    <skipped/>
  </testcase>
  <testcase name="intializeBrowser" classname="testscript.LoginTest" time="0.011">
    <failure message="&#10;Parameter &apos;browser&apos; is required by BeforeMethod on method intializeBrowser but has not been marked @Optional or defined&#10;in C:\Users\Sablals\eclipse-workspace\7rMart_Project\testNG.xml" type="org.testng.TestNGException"><![CDATA[org.testng.TestNGException: 

Parameter 'browser' is required by BeforeMethod on method intializeBrowser but has not been marked @Optional or defined
in C:\Users\Sablals\eclipse-workspace\7rMart_Project\testNG.xml
]]></failure>
  </testcase>
  <testcase name="intializeBrowser" classname="testscript.LoginTest" time="0.002">
    <failure message="&#10;Parameter &apos;browser&apos; is required by BeforeMethod on method intializeBrowser but has not been marked @Optional or defined&#10;in C:\Users\Sablals\eclipse-workspace\7rMart_Project\testNG.xml" type="org.testng.TestNGException"><![CDATA[org.testng.TestNGException: 

Parameter 'browser' is required by BeforeMethod on method intializeBrowser but has not been marked @Optional or defined
in C:\Users\Sablals\eclipse-workspace\7rMart_Project\testNG.xml
]]></failure>
  </testcase>
  <testcase name="intializeBrowser" classname="testscript.LoginTest" time="0.004">
    <failure message="&#10;Parameter &apos;browser&apos; is required by BeforeMethod on method intializeBrowser but has not been marked @Optional or defined&#10;in C:\Users\Sablals\eclipse-workspace\7rMart_Project\testNG.xml" type="org.testng.TestNGException"><![CDATA[org.testng.TestNGException: 

Parameter 'browser' is required by BeforeMethod on method intializeBrowser but has not been marked @Optional or defined
in C:\Users\Sablals\eclipse-workspace\7rMart_Project\testNG.xml
]]></failure>
  </testcase>
  <testcase name="verifyInvalidUsernameAndValidPassword[admin, admin](1)" classname="testscript.LoginTest" time="0">
    <skipped message="&#10;Parameter &apos;browser&apos; is required by BeforeMethod on method intializeBrowser but has not been marked @Optional or defined&#10;in C:\Users\Sablals\eclipse-workspace\7rMart_Project\testNG.xml"/>
  </testcase>
  <testcase name="browserQuit" classname="testscript.LoginTest" time="0">
    <skipped/>
  </testcase>
  <testcase name="browserQuit" classname="testscript.LoginTest" time="0">
    <skipped/>
  </testcase>
  <testcase name="browserQuit" classname="testscript.LoginTest" time="0">
    <skipped/>
  </testcase>
  <testcase name="verifyInvalidUsernameAndValidPassword[admin@123, admin123](2)" classname="testscript.LoginTest" time="0">
    <skipped message="&#10;Parameter &apos;browser&apos; is required by BeforeMethod on method intializeBrowser but has not been marked @Optional or defined&#10;in C:\Users\Sablals\eclipse-workspace\7rMart_Project\testNG.xml"/>
  </testcase>
  <testcase name="verifyTheUserAbleToLoginInValidCredentials" classname="testscript.LoginTest" time="0.003">
    <failure message="&#10;Parameter &apos;username&apos; is required by @Test on method verifyTheUserAbleToLoginInValidCredentials but has not been marked @Optional or defined&#10;in C:\Users\Sablals\eclipse-workspace\7rMart_Project\testNG.xml" type="org.testng.TestNGException"><![CDATA[org.testng.TestNGException: 

Parameter 'username' is required by @Test on method verifyTheUserAbleToLoginInValidCredentials but has not been marked @Optional or defined
in C:\Users\Sablals\eclipse-workspace\7rMart_Project\testNG.xml
]]></failure>
  </testcase>
  <testcase name="verifyTheUserAbleToLoginValidCredentials" classname="testscript.LoginTest" time="0.003">
    <failure message="&#10;Parameter &apos;browser&apos; is required by @Test on method verifyTheUserAbleToLoginValidCredentials but has not been marked @Optional or defined&#10;in C:\Users\Sablals\eclipse-workspace\7rMart_Project\testNG.xml" type="org.testng.TestNGException"><![CDATA[org.testng.TestNGException: 

Parameter 'browser' is required by @Test on method verifyTheUserAbleToLoginValidCredentials but has not been marked @Optional or defined
in C:\Users\Sablals\eclipse-workspace\7rMart_Project\testNG.xml
]]></failure>
  </testcase>
  <testcase name="verifyValidUsernameAndInvalidPassword" classname="testscript.LoginTest" time="0">
    <skipped message="&#10;Parameter &apos;browser&apos; is required by BeforeMethod on method intializeBrowser but has not been marked @Optional or defined&#10;in C:\Users\Sablals\eclipse-workspace\7rMart_Project\testNG.xml"/>
  </testcase>
</testsuite>