<?xml version="1.0" encoding="UTF-8"?>
<!-- Generated by org.testng.reporters.JUnitXMLReporter -->
<testsuite ignored="3" hostname="sabla" failures="0" tests="1" name="Edge test" time="4.892" errors="0" timestamp="2024-06-14T12:19:12 IST">
  <testcase classname="testscript.LoginTest" name="verifyTheUserAbleToLoginValidCredentials" time="1.017"/>
  <testcase classname="testscript.LoginTest" name="verifyvalidusernameincorrectpassword" time="0.0">
    <ignored/>
  </testcase> <!-- verifyvalidusernameincorrectpassword -->
  <testcase classname="testscript.LoginTest" name="verifyinvalidUsernameInvalidPassword" time="0.0">
    <ignored/>
  </testcase> <!-- verifyinvalidUsernameInvalidPassword -->
  <testcase classname="testscript.LoginTest" name="verifyincorrectusernameValidpassword" time="0.0">
    <ignored/>
  </testcase> <!-- verifyincorrectusernameValidpassword -->
</testsuite> <!-- Edge test -->
