<?xml version="1.0" encoding="UTF-8"?>
<!-- Generated by org.testng.reporters.JUnitXMLReporter -->
<testsuite ignored="0" hostname="sabla" failures="0" tests="6" name="Parallel test" time="17.078" errors="0" timestamp="2024-06-13T22:38:24 IST">
  <testcase classname="testscript.NewsTest" name="categoryPage" time="1.914"/>
  <testcase classname="testscript.LoginTest" name="verifyTheUserAbleToLoginValidCredentials" time="0.583"/>
  <testcase classname="testscript.LoginTest" name="verifyincorrectusernameValidpassword" time="0.485"/>
  <testcase classname="testscript.LoginTest" name="verifyinvalidUsernameInvalidPassword" time="0.415"/>
  <testcase classname="testscript.LoginTest" name="verifyvalidusernameincorrectpassword" time="0.477"/>
  <testcase classname="testscript.ProductTest" name="ManageProduct" time="1.371"/>
</testsuite> <!-- Parallel test -->
