<?xml version="1.0" encoding="UTF-8"?>
<!-- Generated by org.testng.reporters.JUnitXMLReporter -->
<testsuite ignored="0" hostname="sabla" failures="0" tests="4" name="Test" time="12.056" errors="0" timestamp="2024-06-11T23:32:33 IST">
  <testcase classname="testscript.Logintest" name="verifyTheUserAbleToLoginValidCredentials" time="1.388"/>
  <testcase classname="testscript.Logintest" name="verifyincorrectusernameValidpassword" time="0.444"/>
  <testcase classname="testscript.Logintest" name="verifyinvalidUsernameInvalidPassword" time="0.733"/>
  <testcase classname="testscript.Logintest" name="verifyvalidusernameincorrectpassword" time="0.618"/>
</testsuite> <!-- Test -->
